{"tick":"54","type":1100,"db":"listAppend","data":{"id":"94","name":"listAppend","isSystem":false}}
{"tick":"69","db":"listAppend","cuid":"h81DC3DF12DE8/132","type":2000,"data":{"allowUserKeys":true,"cacheEnabled":false,"cid":"132","deleted":false,"globallyUniqueId":"h81DC3DF12DE8/132","id":"132","indexes":[{"fields":["_key"],"id":"0","name":"primary","sparse":false,"type":"primary","unique":true}],"internalValidatorType":0,"isDisjoint":false,"isSmart":false,"isSmartChild":false,"isSystem":false,"keyOptions":{"allowUserKeys":true,"lastValue":0,"type":"traditional"},"minReplicationFactor":1,"name":"laCol","numberOfShards":1,"planId":"132","replicationFactor":1,"schema":null,"shardKeys":["_key"],"shards":{},"status":3,"syncByRevision":true,"type":2,"usesRevisionsAsDocumentIds":true,"version":9,"waitForSync":false,"writeConcern":1}}
{"tick":"74","type":2200,"tid":"137","db":"listAppend"}
{"tick":"74","type":2300,"db":"listAppend","cuid":"h81DC3DF12DE8/132","tid":"137","data":{"_key":"0","_id":"laCol/0","_rev":"_fzkNZE----","laAttr":[1]}}
{"tick":"76","type":2300,"db":"listAppend","cuid":"h81DC3DF12DE8/132","tid":"137","data":{"_key":"4","_id":"laCol/4","_rev":"_fzkNZEO---","laAttr":[1]}}
{"tick":"77","type":2201,"tid":"137","db":"listAppend"}
{"tick":"78","type":2200,"tid":"145","db":"listAppend"}
{"tick":"79","type":2300,"db":"listAppend","cuid":"h81DC3DF12DE8/132","tid":"145","data":{"_key":"4","_id":"laCol/4","_rev":"_fzkNZGi---","laAttr":[1,2]}}
{"tick":"81","type":2300,"db":"listAppend","cuid":"h81DC3DF12DE8/132","tid":"145","data":{"_key":"2","_id":"laCol/2","_rev":"_fzkNZGq---","laAttr":[1]}}
{"tick":"82","type":2201,"tid":"145","db":"listAppend"}
{"tick":"83","type":2200,"tid":"154","db":"listAppend"}
{"tick":"84","type":2300,"db":"listAppend","cuid":"h81DC3DF12DE8/132","tid":"154","data":{"_key":"4","_id":"laCol/4","_rev":"_fzkNZR2---","laAttr":[1,2,3]}}
{"tick":"87","type":2300,"db":"listAppend","cuid":"h81DC3DF12DE8/132","tid":"154","data":{"_key":"2","_id":"laCol/2","_rev":"_fzkNZR6---","laAttr":[1,2]}}
{"tick":"90","type":2300,"db":"listAppend","cuid":"h81DC3DF12DE8/132","tid":"154","data":{"_key":"2","_id":"laCol/2","_rev":"_fzkNZSG---","laAttr":[1,2,3]}}
{"tick":"91","type":2201,"tid":"154","db":"listAppend"}
{"tick":"92","type":2200,"tid":"163","db":"listAppend"}
{"tick":"92","type":2300,"db":"listAppend","cuid":"h81DC3DF12DE8/132","tid":"163","data":{"_key":"3","_id":"laCol/3","_rev":"_fzkNZXq---","laAttr":[1]}}
{"tick":"94","type":2300,"db":"listAppend","cuid":"h81DC3DF12DE8/132","tid":"163","data":{"_key":"5","_id":"laCol/5","_rev":"_fzkNZX2---","laAttr":[1]}}
{"tick":"97","type":2300,"db":"listAppend","cuid":"h81DC3DF12DE8/132","tid":"163","data":{"_key":"3","_id":"laCol/3","_rev":"_fzkNZX2--_","laAttr":[1,2]}}
{"tick":"98","type":2201,"tid":"163","db":"listAppend"}
{"tick":"99","type":2200,"tid":"172","db":"listAppend"}
{"tick":"100","type":2300,"db":"listAppend","cuid":"h81DC3DF12DE8/132","tid":"172","data":{"_key":"3","_id":"laCol/3","_rev":"_fzkNZj6---","laAttr":[1,2,3]}}
{"tick":"102","type":2300,"db":"listAppend","cuid":"h81DC3DF12DE8/132","tid":"172","data":{"_key":"1","_id":"laCol/1","_rev":"_fzkNZkG---","laAttr":[1]}}
{"tick":"103","type":2201,"tid":"172","db":"listAppend"}
{"tick":"104","type":2200,"tid":"178","db":"listAppend"}
{"tick":"104","type":2300,"db":"listAppend","cuid":"h81DC3DF12DE8/132","tid":"178","data":{"_key":"6","_id":"laCol/6","_rev":"_fzkNZuq---","laAttr":[1]}}
{"tick":"107","type":2300,"db":"listAppend","cuid":"h81DC3DF12DE8/132","tid":"178","data":{"_key":"6","_id":"laCol/6","_rev":"_fzkNZuu---","laAttr":[1,2]}}
{"tick":"110","type":2300,"db":"listAppend","cuid":"h81DC3DF12DE8/132","tid":"178","data":{"_key":"6","_id":"laCol/6","_rev":"_fzkNZuy---","laAttr":[1,2,3]}}
{"tick":"113","type":2300,"db":"listAppend","cuid":"h81DC3DF12DE8/132","tid":"178","data":{"_key":"5","_id":"laCol/5","_rev":"_fzkNZu2---","laAttr":[1,2]}}
{"tick":"116","type":2300,"db":"listAppend","cuid":"h81DC3DF12DE8/132","tid":"178","data":{"_key":"5","_id":"laCol/5","_rev":"_fzkNZu6---","laAttr":[1,2,3]}}
{"tick":"117","type":2201,"tid":"178","db":"listAppend"}
{"tick":"118","type":2200,"tid":"186","db":"listAppend"}
{"tick":"119","type":2300,"db":"listAppend","cuid":"h81DC3DF12DE8/132","tid":"186","data":{"_key":"0","_id":"laCol/0","_rev":"_fzkNZze---","laAttr":[1,2]}}
{"tick":"120","type":2201,"tid":"186","db":"listAppend"}
{"tick":"121","type":2200,"tid":"191","db":"listAppend"}
{"tick":"121","type":2300,"db":"listAppend","cuid":"h81DC3DF12DE8/132","tid":"191","data":{"_key":"7","_id":"laCol/7","_rev":"_fzkNZ0u---","laAttr":[1]}}
{"tick":"122","type":2201,"tid":"191","db":"listAppend"}
{"tick":"123","type":2200,"tid":"198","db":"listAppend"}
{"tick":"123","type":2300,"db":"listAppend","cuid":"h81DC3DF12DE8/132","tid":"198","data":{"_key":"8","_id":"laCol/8","_rev":"_fzkNZ7O---","laAttr":[1]}}
{"tick":"124","type":2201,"tid":"198","db":"listAppend"}
{"tick":"125","type":2200,"tid":"207","db":"listAppend"}
{"tick":"126","type":2300,"db":"listAppend","cuid":"h81DC3DF12DE8/132","tid":"207","data":{"_key":"8","_id":"laCol/8","_rev":"_fzkNaC----","laAttr":[1,2]}}
{"tick":"129","type":2300,"db":"listAppend","cuid":"h81DC3DF12DE8/132","tid":"207","data":{"_key":"8","_id":"laCol/8","_rev":"_fzkNaC---_","laAttr":[1,2,3]}}
{"tick":"132","type":2300,"db":"listAppend","cuid":"h81DC3DF12DE8/132","tid":"207","data":{"_key":"0","_id":"laCol/0","_rev":"_fzkNaCG---","laAttr":[1,2,3]}}
{"tick":"133","type":2201,"tid":"207","db":"listAppend"}
{"tick":"134","type":2200,"tid":"212","db":"listAppend"}
{"tick":"134","type":2300,"db":"listAppend","cuid":"h81DC3DF12DE8/132","tid":"212","data":{"_key":"10","_id":"laCol/10","_rev":"_fzkNaNW---","laAttr":[1]}}
{"tick":"137","type":2300,"db":"listAppend","cuid":"h81DC3DF12DE8/132","tid":"212","data":{"_key":"10","_id":"laCol/10","_rev":"_fzkNaNa---","laAttr":[1,2]}}
{"tick":"140","type":2300,"db":"listAppend","cuid":"h81DC3DF12DE8/132","tid":"212","data":{"_key":"1","_id":"laCol/1","_rev":"_fzkNaNe---","laAttr":[1,2]}}
{"tick":"143","type":2300,"db":"listAppend","cuid":"h81DC3DF12DE8/132","tid":"212","data":{"_key":"7","_id":"laCol/7","_rev":"_fzkNaNu---","laAttr":[1,2]}}
{"tick":"146","type":2300,"db":"listAppend","cuid":"h81DC3DF12DE8/132","tid":"212","data":{"_key":"7","_id":"laCol/7","_rev":"_fzkNaN2---","laAttr":[1,2,3]}}
{"tick":"147","type":2201,"tid":"212","db":"listAppend"}
{"tick":"148","type":2200,"tid":"226","db":"listAppend"}
{"tick":"148","type":2300,"db":"listAppend","cuid":"h81DC3DF12DE8/132","tid":"226","data":{"_key":"9","_id":"laCol/9","_rev":"_fzkNaVO---","laAttr":[1]}}
{"tick":"150","type":2300,"db":"listAppend","cuid":"h81DC3DF12DE8/132","tid":"226","data":{"_key":"12","_id":"laCol/12","_rev":"_fzkNaVW---","laAttr":[3]}}
{"tick":"152","type":2300,"db":"listAppend","cuid":"h81DC3DF12DE8/132","tid":"226","data":{"_key":"13","_id":"laCol/13","_rev":"_fzkNaVa---","laAttr":[1]}}
{"tick":"155","type":2300,"db":"listAppend","cuid":"h81DC3DF12DE8/132","tid":"226","data":{"_key":"13","_id":"laCol/13","_rev":"_fzkNaVi---","laAttr":[1,2]}}
{"tick":"158","type":2300,"db":"listAppend","cuid":"h81DC3DF12DE8/132","tid":"226","data":{"_key":"13","_id":"laCol/13","_rev":"_fzkNaVi--A","laAttr":[1,2,3]}}
{"tick":"159","type":2201,"tid":"226","db":"listAppend"}
{"tick":"160","type":2200,"tid":"232","db":"listAppend"}
{"tick":"160","type":2300,"db":"listAppend","cuid":"h81DC3DF12DE8/132","tid":"232","data":{"_key":"14","_id":"laCol/14","_rev":"_fzkNaVi--_","laAttr":[1]}}
{"tick":"161","type":2201,"tid":"232","db":"listAppend"}
{"tick":"162","type":2200,"tid":"244","db":"listAppend"}
{"tick":"163","type":2300,"db":"listAppend","cuid":"h81DC3DF12DE8/132","tid":"244","data":{"_key":"14","_id":"laCol/14","_rev":"_fzkNagi---","laAttr":[1,2]}}
{"tick":"166","type":2300,"db":"listAppend","cuid":"h81DC3DF12DE8/132","tid":"244","data":{"_key":"14","_id":"laCol/14","_rev":"_fzkNagm---","laAttr":[1,2,3]}}
{"tick":"168","type":2300,"db":"listAppend","cuid":"h81DC3DF12DE8/132","tid":"244","data":{"_key":"15","_id":"laCol/15","_rev":"_fzkNagy---","laAttr":[1]}}
{"tick":"171","type":2300,"db":"listAppend","cuid":"h81DC3DF12DE8/132","tid":"244","data":{"_key":"15","_id":"laCol/15","_rev":"_fzkNag2---","laAttr":[1,2]}}
{"tick":"172","type":2201,"tid":"244","db":"listAppend"}
{"tick":"179","type":2200,"tid":"253","db":"listAppend"}
{"tick":"180","type":2300,"db":"listAppend","cuid":"h81DC3DF12DE8/132","tid":"253","data":{"_key":"15","_id":"laCol/15","_rev":"_fzkNaoi---","laAttr":[1,2,3]}}
{"tick":"182","type":2300,"db":"listAppend","cuid":"h81DC3DF12DE8/132","tid":"253","data":{"_key":"16","_id":"laCol/16","_rev":"_fzkNaom---","laAttr":[1]}}
{"tick":"185","type":2300,"db":"listAppend","cuid":"h81DC3DF12DE8/132","tid":"253","data":{"_key":"16","_id":"laCol/16","_rev":"_fzkNaoq---","laAttr":[1,2]}}
{"tick":"186","type":2201,"tid":"253","db":"listAppend"}
{"tick":"187","type":2200,"tid":"260","db":"listAppend"}
{"tick":"188","type":2300,"db":"listAppend","cuid":"h81DC3DF12DE8/132","tid":"260","data":{"_key":"16","_id":"laCol/16","_rev":"_fzkNa0y---","laAttr":[1,2,3]}}
{"tick":"191","type":2300,"db":"listAppend","cuid":"h81DC3DF12DE8/132","tid":"260","data":{"_key":"1","_id":"laCol/1","_rev":"_fzkNa1----","laAttr":[1,2,3]}}
{"tick":"192","type":2201,"tid":"260","db":"listAppend"}
{"tick":"193","type":2200,"tid":"268","db":"listAppend"}
{"tick":"194","type":2300,"db":"listAppend","cuid":"h81DC3DF12DE8/132","tid":"268","data":{"_key":"9","_id":"laCol/9","_rev":"_fzkNa7e---","laAttr":[1,2]}}
{"tick":"197","type":2300,"db":"listAppend","cuid":"h81DC3DF12DE8/132","tid":"268","data":{"_key":"9","_id":"laCol/9","_rev":"_fzkNa7e--_","laAttr":[1,2,3]}}
{"tick":"198","type":2201,"tid":"268","db":"listAppend"}
{"tick":"199","type":2200,"tid":"277","db":"listAppend"}
{"tick":"199","type":2300,"db":"listAppend","cuid":"h81DC3DF12DE8/132","tid":"277","data":{"_key":"17","_id":"laCol/17","_rev":"_fzkNbFO---","laAttr":[1]}}
{"tick":"202","type":2300,"db":"listAppend","cuid":"h81DC3DF12DE8/132","tid":"277","data":{"_key":"17","_id":"laCol/17","_rev":"_fzkNbFS---","laAttr":[1,2]}}
{"tick":"203","type":2201,"tid":"277","db":"listAppend"}
{"tick":"204","type":2200,"tid":"292","db":"listAppend"}
{"tick":"205","type":2300,"db":"listAppend","cuid":"h81DC3DF12DE8/132","tid":"292","data":{"_key":"17","_id":"laCol/17","_rev":"_fzkNbOy---","laAttr":[1,2,3]}}
{"tick":"207","type":2300,"db":"listAppend","cuid":"h81DC3DF12DE8/132","tid":"292","data":{"_key":"18","_id":"laCol/18","_rev":"_fzkNbO2---","laAttr":[1]}}
{"tick":"209","type":2300,"db":"listAppend","cuid":"h81DC3DF12DE8/132","tid":"292","data":{"_key":"19","_id":"laCol/19","_rev":"_fzkNbP----","laAttr":[1]}}
{"tick":"212","type":2300,"db":"listAppend","cuid":"h81DC3DF12DE8/132","tid":"292","data":{"_key":"18","_id":"laCol/18","_rev":"_fzkNbPC---","laAttr":[1,2]}}
{"tick":"213","type":2201,"tid":"292","db":"listAppend"}
{"tick":"214","type":2200,"tid":"300","db":"listAppend"}
{"tick":"214","type":2300,"db":"listAppend","cuid":"h81DC3DF12DE8/132","tid":"300","data":{"_key":"21","_id":"laCol/21","_rev":"_fzkNbZ----","laAttr":[1]}}
{"tick":"217","type":2300,"db":"listAppend","cuid":"h81DC3DF12DE8/132","tid":"300","data":{"_key":"18","_id":"laCol/18","_rev":"_fzkNbZC---","laAttr":[1,2,3]}}
{"tick":"220","type":2300,"db":"listAppend","cuid":"h81DC3DF12DE8/132","tid":"300","data":{"_key":"21","_id":"laCol/21","_rev":"_fzkNbZK---","laAttr":[1,2]}}
{"tick":"221","type":2201,"tid":"300","db":"listAppend"}
{"tick":"222","type":2200,"tid":"310","db":"listAppend"}
{"tick":"222","type":2300,"db":"listAppend","cuid":"h81DC3DF12DE8/132","tid":"310","data":{"_key":"20","_id":"laCol/20","_rev":"_fzkNbjq---","laAttr":[1]}}
{"tick":"225","type":2300,"db":"listAppend","cuid":"h81DC3DF12DE8/132","tid":"310","data":{"_key":"21","_id":"laCol/21","_rev":"_fzkNbju---","laAttr":[1,2,3]}}
{"tick":"228","type":2300,"db":"listAppend","cuid":"h81DC3DF12DE8/132","tid":"310","data":{"_key":"20","_id":"laCol/20","_rev":"_fzkNbjy---","laAttr":[1,2]}}
{"tick":"229","type":2201,"tid":"310","db":"listAppend"}
{"tick":"230","type":2200,"tid":"319","db":"listAppend"}
{"tick":"230","type":2300,"db":"listAppend","cuid":"h81DC3DF12DE8/132","tid":"319","data":{"_key":"11","_id":"laCol/11","_rev":"_fzkNbkO---","laAttr":[1]}}
{"tick":"232","type":2300,"db":"listAppend","cuid":"h81DC3DF12DE8/132","tid":"319","data":{"_key":"23","_id":"laCol/23","_rev":"_fzkNbkW---","laAttr":[1]}}
{"tick":"235","type":2300,"db":"listAppend","cuid":"h81DC3DF12DE8/132","tid":"319","data":{"_key":"20","_id":"laCol/20","_rev":"_fzkNbka---","laAttr":[1,2,3]}}
{"tick":"236","type":2201,"tid":"319","db":"listAppend"}
{"tick":"237","type":2200,"tid":"327","db":"listAppend"}
{"tick":"238","type":2300,"db":"listAppend","cuid":"h81DC3DF12DE8/132","tid":"327","data":{"_key":"23","_id":"laCol/23","_rev":"_fzkNbpC---","laAttr":[1,2]}}
{"tick":"241","type":2300,"db":"listAppend","cuid":"h81DC3DF12DE8/132","tid":"327","data":{"_key":"23","_id":"laCol/23","_rev":"_fzkNbpK---","laAttr":[1,2,3]}}
{"tick":"242","type":2201,"tid":"327","db":"listAppend"}
{"tick":"243","type":2200,"tid":"335","db":"listAppend"}
{"tick":"244","type":2300,"db":"listAppend","cuid":"h81DC3DF12DE8/132","tid":"335","data":{"_key":"19","_id":"laCol/19","_rev":"_fzkNbw2---","laAttr":[1,2]}}
{"tick":"246","type":2300,"db":"listAppend","cuid":"h81DC3DF12DE8/132","tid":"335","data":{"_key":"22","_id":"laCol/22","_rev":"_fzkNbw6---","laAttr":[1]}}
{"tick":"249","type":2300,"db":"listAppend","cuid":"h81DC3DF12DE8/132","tid":"335","data":{"_key":"22","_id":"laCol/22","_rev":"_fzkNbx----","laAttr":[1,2]}}
{"tick":"250","type":2201,"tid":"335","db":"listAppend"}
{"tick":"251","type":2200,"tid":"342","db":"listAppend"}
{"tick":"251","type":2300,"db":"listAppend","cuid":"h81DC3DF12DE8/132","tid":"342","data":{"_key":"24","_id":"laCol/24","_rev":"_fzkNb7K---","laAttr":[1]}}
{"tick":"254","type":2300,"db":"listAppend","cuid":"h81DC3DF12DE8/132","tid":"342","data":{"_key":"24","_id":"laCol/24","_rev":"_fzkNb7S---","laAttr":[1,2]}}
{"tick":"257","type":2300,"db":"listAppend","cuid":"h81DC3DF12DE8/132","tid":"342","data":{"_key":"24","_id":"laCol/24","_rev":"_fzkNb7W---","laAttr":[1,2,3]}}
{"tick":"258","type":2201,"tid":"342","db":"listAppend"}
{"tick":"259","type":2200,"tid":"348","db":"listAppend"}
{"tick":"260","type":2300,"db":"listAppend","cuid":"h81DC3DF12DE8/132","tid":"348","data":{"_key":"19","_id":"laCol/19","_rev":"_fzkNcBW---","laAttr":[1,2,3]}}
{"tick":"263","type":2300,"db":"listAppend","cuid":"h81DC3DF12DE8/132","tid":"348","data":{"_key":"22","_id":"laCol/22","_rev":"_fzkNcBW--_","laAttr":[1,2,3]}}
{"tick":"265","type":2300,"db":"listAppend","cuid":"h81DC3DF12DE8/132","tid":"348","data":{"_key":"25","_id":"laCol/25","_rev":"_fzkNcBe---","laAttr":[1]}}
{"tick":"267","type":2300,"db":"listAppend","cuid":"h81DC3DF12DE8/132","tid":"348","data":{"_key":"27","_id":"laCol/27","_rev":"_fzkNcBi---","laAttr":[1]}}
{"tick":"269","type":2300,"db":"listAppend","cuid":"h81DC3DF12DE8/132","tid":"348","data":{"_key":"26","_id":"laCol/26","_rev":"_fzkNcBq---","laAttr":[1]}}
{"tick":"270","type":2201,"tid":"348","db":"listAppend"}
{"tick":"271","type":2200,"tid":"359","db":"listAppend"}
{"tick":"272","type":2300,"db":"listAppend","cuid":"h81DC3DF12DE8/132","tid":"359","data":{"_key":"27","_id":"laCol/27","_rev":"_fzkNcNe---","laAttr":[1,2]}}
{"tick":"275","type":2300,"db":"listAppend","cuid":"h81DC3DF12DE8/132","tid":"359","data":{"_key":"26","_id":"laCol/26","_rev":"_fzkNcNi---","laAttr":[1,2]}}
{"tick":"278","type":2300,"db":"listAppend","cuid":"h81DC3DF12DE8/132","tid":"359","data":{"_key":"26","_id":"laCol/26","_rev":"_fzkNcNm---","laAttr":[1,2,3]}}
{"tick":"281","type":2300,"db":"listAppend","cuid":"h81DC3DF12DE8/132","tid":"359","data":{"_key":"25","_id":"laCol/25","_rev":"_fzkNcNq---","laAttr":[1,2]}}
{"tick":"282","type":2201,"tid":"359","db":"listAppend"}
{"tick":"283","type":2200,"tid":"366","db":"listAppend"}
{"tick":"283","type":2300,"db":"listAppend","cuid":"h81DC3DF12DE8/132","tid":"366","data":{"_key":"29","_id":"laCol/29","_rev":"_fzkNcTe---","laAttr":[1]}}
{"tick":"286","type":2300,"db":"listAppend","cuid":"h81DC3DF12DE8/132","tid":"366","data":{"_key":"25","_id":"laCol/25","_rev":"_fzkNcTi---","laAttr":[1,2,3]}}
{"tick":"288","type":2300,"db":"listAppend","cuid":"h81DC3DF12DE8/132","tid":"366","data":{"_key":"30","_id":"laCol/30","_rev":"_fzkNcTm---","laAttr":[1]}}
{"tick":"289","type":2201,"tid":"366","db":"listAppend"}
{"tick":"290","type":2200,"tid":"373","db":"listAppend"}
{"tick":"291","type":2300,"db":"listAppend","cuid":"h81DC3DF12DE8/132","tid":"373","data":{"_key":"29","_id":"laCol/29","_rev":"_fzkNcem---","laAttr":[1,2]}}
{"tick":"294","type":2300,"db":"listAppend","cuid":"h81DC3DF12DE8/132","tid":"373","data":{"_key":"30","_id":"laCol/30","_rev":"_fzkNceq---","laAttr":[1,2]}}
{"tick":"297","type":2300,"db":"listAppend","cuid":"h81DC3DF12DE8/132","tid":"373","data":{"_key":"30","_id":"laCol/30","_rev":"_fzkNceu---","laAttr":[1,2,3]}}
{"tick":"298","type":2201,"tid":"373","db":"listAppend"}
{"tick":"299","type":2200,"tid":"380","db":"listAppend"}
{"tick":"299","type":2300,"db":"listAppend","cuid":"h81DC3DF12DE8/132","tid":"380","data":{"_key":"31","_id":"laCol/31","_rev":"_fzkNclK---","laAttr":[1]}}
{"tick":"300","type":2201,"tid":"380","db":"listAppend"}
{"tick":"301","type":2200,"tid":"386","db":"listAppend"}
{"tick":"302","type":2300,"db":"listAppend","cuid":"h81DC3DF12DE8/132","tid":"386","data":{"_key":"31","_id":"laCol/31","_rev":"_fzkNcxa---","laAttr":[1,2]}}
{"tick":"305","type":2300,"db":"listAppend","cuid":"h81DC3DF12DE8/132","tid":"386","data":{"_key":"31","_id":"laCol/31","_rev":"_fzkNcxi---","laAttr":[1,2,3]}}
{"tick":"306","type":2201,"tid":"386","db":"listAppend"}
{"tick":"307","type":2200,"tid":"391","db":"listAppend"}
{"tick":"307","type":2300,"db":"listAppend","cuid":"h81DC3DF12DE8/132","tid":"391","data":{"_key":"32","_id":"laCol/32","_rev":"_fzkNc3y---","laAttr":[1]}}
{"tick":"310","type":2300,"db":"listAppend","cuid":"h81DC3DF12DE8/132","tid":"391","data":{"_key":"11","_id":"laCol/11","_rev":"_fzkNc32---","laAttr":[1,2]}}
{"tick":"313","type":2300,"db":"listAppend","cuid":"h81DC3DF12DE8/132","tid":"391","data":{"_key":"29","_id":"laCol/29","_rev":"_fzkNc36---","laAttr":[1,2,3]}}
{"tick":"316","type":2300,"db":"listAppend","cuid":"h81DC3DF12DE8/132","tid":"391","data":{"_key":"32","_id":"laCol/32","_rev":"_fzkNc4----","laAttr":[1,2]}}
{"tick":"317","type":2201,"tid":"391","db":"listAppend"}
{"tick":"318","type":2200,"tid":"399","db":"listAppend"}
{"tick":"319","type":2300,"db":"listAppend","cuid":"h81DC3DF12DE8/132","tid":"399","data":{"_key":"27","_id":"laCol/27","_rev":"_fzkNc7S---","laAttr":[1,2,3]}}
{"tick":"322","type":2300,"db":"listAppend","cuid":"h81DC3DF12DE8/132","tid":"399","data":{"_key":"32","_id":"laCol/32","_rev":"_fzkNc7W---","laAttr":[1,2,3]}}
{"tick":"324","type":2300,"db":"listAppend","cuid":"h81DC3DF12DE8/132","tid":"399","data":{"_key":"28","_id":"laCol/28","_rev":"_fzkNc7a---","laAttr":[1]}}
{"tick":"327","type":2300,"db":"listAppend","cuid":"h81DC3DF12DE8/132","tid":"399","data":{"_key":"11","_id":"laCol/11","_rev":"_fzkNc7a--_","laAttr":[1,2,3]}}
{"tick":"329","type":2300,"db":"listAppend","cuid":"h81DC3DF12DE8/132","tid":"399","data":{"_key":"33","_id":"laCol/33","_rev":"_fzkNc7i---","laAttr":[1]}}
{"tick":"330","type":2201,"tid":"399","db":"listAppend"}
{"tick":"337","type":2200,"tid":"412","db":"listAppend"}
{"tick":"338","type":2300,"db":"listAppend","cuid":"h81DC3DF12DE8/132","tid":"412","data":{"_key":"33","_id":"laCol/33","_rev":"_fzkNdB----","laAttr":[1,2]}}
{"tick":"340","type":2300,"db":"listAppend","cuid":"h81DC3DF12DE8/132","tid":"412","data":{"_key":"34","_id":"laCol/34","_rev":"_fzkNdBC---","laAttr":[1]}}
{"tick":"343","type":2300,"db":"listAppend","cuid":"h81DC3DF12DE8/132","tid":"412","data":{"_key":"34","_id":"laCol/34","_rev":"_fzkNdBG---","laAttr":[1,2]}}
{"tick":"346","type":2300,"db":"listAppend","cuid":"h81DC3DF12DE8/132","tid":"412","data":{"_key":"34","_id":"laCol/34","_rev":"_fzkNdBG--_","laAttr":[1,2,3]}}
{"tick":"347","type":2201,"tid":"412","db":"listAppend"}
{"tick":"358","type":2200,"tid":"422","db":"listAppend"}
{"tick":"359","type":2300,"db":"listAppend","cuid":"h81DC3DF12DE8/132","tid":"422","data":{"_key":"33","_id":"laCol/33","_rev":"_fzkNdNO---","laAttr":[1,2,3]}}
{"tick":"361","type":2300,"db":"listAppend","cuid":"h81DC3DF12DE8/132","tid":"422","data":{"_key":"36","_id":"laCol/36","_rev":"_fzkNdNa---","laAttr":[1]}}
{"tick":"364","type":2300,"db":"listAppend","cuid":"h81DC3DF12DE8/132","tid":"422","data":{"_key":"36","_id":"laCol/36","_rev":"_fzkNdNe---","laAttr":[1,2]}}
{"tick":"365","type":2201,"tid":"422","db":"listAppend"}
{"tick":"366","type":2200,"tid":"430","db":"listAppend"}
{"tick":"367","type":2300,"db":"listAppend","cuid":"h81DC3DF12DE8/132","tid":"430","data":{"_key":"28","_id":"laCol/28","_rev":"_fzkNdUO---","laAttr":[1,2]}}
{"tick":"368","type":2201,"tid":"430","db":"listAppend"}
{"tick":"369","type":2200,"tid":"436","db":"listAppend"}
{"tick":"370","type":2300,"db":"listAppend","cuid":"h81DC3DF12DE8/132","tid":"436","data":{"_key":"36","_id":"laCol/36","_rev":"_fzkNdU6---","laAttr":[1,2,3]}}
{"tick":"373","type":2300,"db":"listAppend","cuid":"h81DC3DF12DE8/132","tid":"436","data":{"_key":"28","_id":"laCol/28","_rev":"_fzkNdVC---","laAttr":[1,2,3]}}
{"tick":"375","type":2300,"db":"listAppend","cuid":"h81DC3DF12DE8/132","tid":"436","data":{"_key":"38","_id":"laCol/38","_rev":"_fzkNdVG---","laAttr":[1]}}
{"tick":"377","type":2300,"db":"listAppend","cuid":"h81DC3DF12DE8/132","tid":"436","data":{"_key":"39","_id":"laCol/39","_rev":"_fzkNdVO---","laAttr":[1]}}
{"tick":"378","type":2201,"tid":"436","db":"listAppend"}
{"tick":"379","type":2200,"tid":"447","db":"listAppend"}
{"tick":"380","type":2300,"db":"listAppend","cuid":"h81DC3DF12DE8/132","tid":"447","data":{"_key":"39","_id":"laCol/39","_rev":"_fzkNddy---","laAttr":[1,2]}}
{"tick":"383","type":2300,"db":"listAppend","cuid":"h81DC3DF12DE8/132","tid":"447","data":{"_key":"39","_id":"laCol/39","_rev":"_fzkNdd2---","laAttr":[1,2,3]}}
{"tick":"385","type":2300,"db":"listAppend","cuid":"h81DC3DF12DE8/132","tid":"447","data":{"_key":"40","_id":"laCol/40","_rev":"_fzkNde----","laAttr":[1]}}
{"tick":"386","type":2201,"tid":"447","db":"listAppend"}
{"tick":"387","type":2200,"tid":"455","db":"listAppend"}
{"tick":"387","type":2300,"db":"listAppend","cuid":"h81DC3DF12DE8/132","tid":"455","data":{"_key":"35","_id":"laCol/35","_rev":"_fzkNdnm---","laAttr":[1]}}
{"tick":"390","type":2300,"db":"listAppend","cuid":"h81DC3DF12DE8/132","tid":"455","data":{"_key":"40","_id":"laCol/40","_rev":"_fzkNdnu---","laAttr":[1,2]}}
{"tick":"393","type":2300,"db":"listAppend","cuid":"h81DC3DF12DE8/132","tid":"455","data":{"_key":"40","_id":"laCol/40","_rev":"_fzkNdnu--_","laAttr":[1,2,3]}}
{"tick":"394","type":2201,"tid":"455","db":"listAppend"}
{"tick":"395","type":2200,"tid":"465","db":"listAppend"}
{"tick":"396","type":2300,"db":"listAppend","cuid":"h81DC3DF12DE8/132","tid":"465","data":{"_key":"38","_id":"laCol/38","_rev":"_fzkNdn2---","laAttr":[1,2]}}
{"tick":"398","type":2300,"db":"listAppend","cuid":"h81DC3DF12DE8/132","tid":"465","data":{"_key":"41","_id":"laCol/41","_rev":"_fzkNdn6---","laAttr":[1]}}
{"tick":"401","type":2300,"db":"listAppend","cuid":"h81DC3DF12DE8/132","tid":"465","data":{"_key":"41","_id":"laCol/41","_rev":"_fzkNdn6--_","laAttr":[1,2]}}
{"tick":"404","type":2300,"db":"listAppend","cuid":"h81DC3DF12DE8/132","tid":"465","data":{"_key":"41","_id":"laCol/41","_rev":"_fzkNdo----","laAttr":[1,2,3]}}
{"tick":"405","type":2201,"tid":"465","db":"listAppend"}
{"tick":"406","type":2200,"tid":"473","db":"listAppend"}
{"tick":"406","type":2300,"db":"listAppend","cuid":"h81DC3DF12DE8/132","tid":"473","data":{"_key":"42","_id":"laCol/42","_rev":"_fzkNdzK---","laAttr":[1]}}
{"tick":"409","type":2300,"db":"listAppend","cuid":"h81DC3DF12DE8/132","tid":"473","data":{"_key":"38","_id":"laCol/38","_rev":"_fzkNdzO---","laAttr":[1,2,3]}}
{"tick":"411","type":2300,"db":"listAppend","cuid":"h81DC3DF12DE8/132","tid":"473","data":{"_key":"43","_id":"laCol/43","_rev":"_fzkNdza---","laAttr":[1]}}
{"tick":"412","type":2201,"tid":"473","db":"listAppend"}
{"tick":"413","type":2200,"tid":"482","db":"listAppend"}
{"tick":"414","type":2300,"db":"listAppend","cuid":"h81DC3DF12DE8/132","tid":"482","data":{"_key":"43","_id":"laCol/43","_rev":"_fzkNd9a---","laAttr":[1,2]}}
{"tick":"415","type":2201,"tid":"482","db":"listAppend"}
{"tick":"416","type":2200,"tid":"495","db":"listAppend"}
{"tick":"417","type":2300,"db":"listAppend","cuid":"h81DC3DF12DE8/132","tid":"495","data":{"_key":"42","_id":"laCol/42","_rev":"_fzkNeKy---","laAttr":[1,2]}}
{"tick":"420","type":2300,"db":"listAppend","cuid":"h81DC3DF12DE8/132","tid":"495","data":{"_key":"42","_id":"laCol/42","_rev":"_fzkNeK6---","laAttr":[1,2,3]}}
{"tick":"423","type":2300,"db":"listAppend","cuid":"h81DC3DF12DE8/132","tid":"495","data":{"_key":"43","_id":"laCol/43","_rev":"_fzkNeK6--_","laAttr":[1,2,3]}}
{"tick":"424","type":2201,"tid":"495","db":"listAppend"}
{"tick":"425","type":2200,"tid":"501","db":"listAppend"}
{"tick":"425","type":2300,"db":"listAppend","cuid":"h81DC3DF12DE8/132","tid":"501","data":{"_key":"44","_id":"laCol/44","_rev":"_fzkNeRy---","laAttr":[1]}}
{"tick":"427","type":2300,"db":"listAppend","cuid":"h81DC3DF12DE8/132","tid":"501","data":{"_key":"46","_id":"laCol/46","_rev":"_fzkNeR6---","laAttr":[1]}}
{"tick":"428","type":2201,"tid":"501","db":"listAppend"}
{"tick":"429","type":2200,"tid":"510","db":"listAppend"}
{"tick":"429","type":2300,"db":"listAppend","cuid":"h81DC3DF12DE8/132","tid":"510","data":{"_key":"45","_id":"laCol/45","_rev":"_fzkNeYO---","laAttr":[1]}}
{"tick":"432","type":2300,"db":"listAppend","cuid":"h81DC3DF12DE8/132","tid":"510","data":{"_key":"44","_id":"laCol/44","_rev":"_fzkNeYO--_","laAttr":[1,2]}}
{"tick":"435","type":2300,"db":"listAppend","cuid":"h81DC3DF12DE8/132","tid":"510","data":{"_key":"44","_id":"laCol/44","_rev":"_fzkNeYS---","laAttr":[1,2,3]}}
{"tick":"436","type":2201,"tid":"510","db":"listAppend"}
{"tick":"437","type":2200,"tid":"518","db":"listAppend"}
{"tick":"438","type":2300,"db":"listAppend","cuid":"h81DC3DF12DE8/132","tid":"518","data":{"_key":"35","_id":"laCol/35","_rev":"_fzkNebm---","laAttr":[1,2]}}
{"tick":"441","type":2300,"db":"listAppend","cuid":"h81DC3DF12DE8/132","tid":"518","data":{"_key":"45","_id":"laCol/45","_rev":"_fzkNebq---","laAttr":[1,2]}}
{"tick":"444","type":2300,"db":"listAppend","cuid":"h81DC3DF12DE8/132","tid":"518","data":{"_key":"45","_id":"laCol/45","_rev":"_fzkNeby---","laAttr":[1,2,3]}}
{"tick":"445","type":2201,"tid":"518","db":"listAppend"}
{"tick":"446","type":2200,"tid":"526","db":"listAppend"}
{"tick":"446","type":2300,"db":"listAppend","cuid":"h81DC3DF12DE8/132","tid":"526","data":{"_key":"47","_id":"laCol/47","_rev":"_fzkNegy---","laAttr":[1]}}
{"tick":"447","type":2201,"tid":"526","db":"listAppend"}
{"tick":"448","type":2200,"tid":"534","db":"listAppend"}
{"tick":"449","type":2300,"db":"listAppend","cuid":"h81DC3DF12DE8/132","tid":"534","data":{"_key":"47","_id":"laCol/47","_rev":"_fzkNequ---","laAttr":[1,2]}}
{"tick":"451","type":2300,"db":"listAppend","cuid":"h81DC3DF12DE8/132","tid":"534","data":{"_key":"48","_id":"laCol/48","_rev":"_fzkNeqy---","laAttr":[1]}}
{"tick":"454","type":2300,"db":"listAppend","cuid":"h81DC3DF12DE8/132","tid":"534","data":{"_key":"48","_id":"laCol/48","_rev":"_fzkNeq2---","laAttr":[1,2]}}
{"tick":"455","type":2201,"tid":"534","db":"listAppend"}
{"tick":"456","type":2200,"tid":"542","db":"listAppend"}
{"tick":"457","type":2300,"db":"listAppend","cuid":"h81DC3DF12DE8/132","tid":"542","data":{"_key":"46","_id":"laCol/46","_rev":"_fzkNe22---","laAttr":[1,2]}}
{"tick":"460","type":2300,"db":"listAppend","cuid":"h81DC3DF12DE8/132","tid":"542","data":{"_key":"47","_id":"laCol/47","_rev":"_fzkNe26---","laAttr":[1,2,3]}}
{"tick":"461","type":2201,"tid":"542","db":"listAppend"}
{"tick":"462","type":2200,"tid":"550","db":"listAppend"}
{"tick":"462","type":2300,"db":"listAppend","cuid":"h81DC3DF12DE8/132","tid":"550","data":{"_key":"49","_id":"laCol/49","_rev":"_fzkNfBy---","laAttr":[1]}}
{"tick":"463","type":2201,"tid":"550","db":"listAppend"}
{"tick":"464","type":2200,"tid":"556","db":"listAppend"}
{"tick":"465","type":2300,"db":"listAppend","cuid":"h81DC3DF12DE8/132","tid":"556","data":{"_key":"46","_id":"laCol/46","_rev":"_fzkNfCu---","laAttr":[1,2,3]}}
{"tick":"466","type":2201,"tid":"556","db":"listAppend"}
{"tick":"467","type":2200,"tid":"564","db":"listAppend"}
{"tick":"468","type":2300,"db":"listAppend","cuid":"h81DC3DF12DE8/132","tid":"564","data":{"_key":"35","_id":"laCol/35","_rev":"_fzkNfF2---","laAttr":[1,2,3]}}
{"tick":"471","type":2300,"db":"listAppend","cuid":"h81DC3DF12DE8/132","tid":"564","data":{"_key":"49","_id":"laCol/49","_rev":"_fzkNfF6---","laAttr":[1,2]}}
{"tick":"474","type":2300,"db":"listAppend","cuid":"h81DC3DF12DE8/132","tid":"564","data":{"_key":"49","_id":"laCol/49","_rev":"_fzkNfG----","laAttr":[1,2,3]}}
{"tick":"477","type":2300,"db":"listAppend","cuid":"h81DC3DF12DE8/132","tid":"564","data":{"_key":"48","_id":"laCol/48","_rev":"_fzkNfGC---","laAttr":[1,2,3]}}
{"tick":"478","type":2201,"tid":"564","db":"listAppend"}
{"tick":"479","type":2200,"tid":"573","db":"listAppend"}
{"tick":"479","type":2300,"db":"listAppend","cuid":"h81DC3DF12DE8/132","tid":"573","data":{"_key":"52","_id":"laCol/52","_rev":"_fzkNfMG---","laAttr":[1]}}
{"tick":"482","type":2300,"db":"listAppend","cuid":"h81DC3DF12DE8/132","tid":"573","data":{"_key":"52","_id":"laCol/52","_rev":"_fzkNfMG--_","laAttr":[1,2]}}
{"tick":"485","type":2300,"db":"listAppend","cuid":"h81DC3DF12DE8/132","tid":"573","data":{"_key":"52","_id":"laCol/52","_rev":"_fzkNfMK---","laAttr":[1,2,3]}}
{"tick":"487","type":2300,"db":"listAppend","cuid":"h81DC3DF12DE8/132","tid":"573","data":{"_key":"50","_id":"laCol/50","_rev":"_fzkNfMO---","laAttr":[1]}}
{"tick":"488","type":2201,"tid":"573","db":"listAppend"}
{"tick":"489","type":2200,"tid":"584","db":"listAppend"}
{"tick":"489","type":2300,"db":"listAppend","cuid":"h81DC3DF12DE8/132","tid":"584","data":{"_key":"53","_id":"laCol/53","_rev":"_fzkNfX6---","laAttr":[1]}}
{"tick":"491","type":2300,"db":"listAppend","cuid":"h81DC3DF12DE8/132","tid":"584","data":{"_key":"37","_id":"laCol/37","_rev":"_fzkNfYC---","laAttr":[1]}}
{"tick":"492","type":2201,"tid":"584","db":"listAppend"}
{"tick":"493","type":2200,"tid":"595","db":"listAppend"}
{"tick":"493","type":2300,"db":"listAppend","cuid":"h81DC3DF12DE8/132","tid":"595","data":{"_key":"51","_id":"laCol/51","_rev":"_fzkNfZW---","laAttr":[1]}}
{"tick":"496","type":2300,"db":"listAppend","cuid":"h81DC3DF12DE8/132","tid":"595","data":{"_key":"53","_id":"laCol/53","_rev":"_fzkNfZa---","laAttr":[1,2]}}
{"tick":"499","type":2300,"db":"listAppend","cuid":"h81DC3DF12DE8/132","tid":"595","data":{"_key":"53","_id":"laCol/53","_rev":"_fzkNfZa--_","laAttr":[1,2,3]}}
{"tick":"501","type":2300,"db":"listAppend","cuid":"h81DC3DF12DE8/132","tid":"595","data":{"_key":"54","_id":"laCol/54","_rev":"_fzkNfZi---","laAttr":[1]}}
{"tick":"504","type":2300,"db":"listAppend","cuid":"h81DC3DF12DE8/132","tid":"595","data":{"_key":"51","_id":"laCol/51","_rev":"_fzkNfZi--_","laAttr":[1,2]}}
{"tick":"505","type":2201,"tid":"595","db":"listAppend"}
{"tick":"506","type":2200,"tid":"606","db":"listAppend"}
{"tick":"507","type":2300,"db":"listAppend","cuid":"h81DC3DF12DE8/132","tid":"606","data":{"_key":"54","_id":"laCol/54","_rev":"_fzkNfaC---","laAttr":[1,2]}}
{"tick":"509","type":2300,"db":"listAppend","cuid":"h81DC3DF12DE8/132","tid":"606","data":{"_key":"55","_id":"laCol/55","_rev":"_fzkNfaG---","laAttr":[1]}}
{"tick":"512","type":2300,"db":"listAppend","cuid":"h81DC3DF12DE8/132","tid":"606","data":{"_key":"37","_id":"laCol/37","_rev":"_fzkNfaK---","laAttr":[1,2]}}
{"tick":"515","type":2300,"db":"listAppend","cuid":"h81DC3DF12DE8/132","tid":"606","data":{"_key":"55","_id":"laCol/55","_rev":"_fzkNfaO---","laAttr":[1,2]}}
{"tick":"518","type":2300,"db":"listAppend","cuid":"h81DC3DF12DE8/132","tid":"606","data":{"_key":"54","_id":"laCol/54","_rev":"_fzkNfaO--_","laAttr":[1,2,3]}}
{"tick":"519","type":2201,"tid":"606","db":"listAppend"}
{"tick":"520","type":2200,"tid":"614","db":"listAppend"}
{"tick":"521","type":2300,"db":"listAppend","cuid":"h81DC3DF12DE8/132","tid":"614","data":{"_key":"55","_id":"laCol/55","_rev":"_fzkNfga---","laAttr":[1,2,3]}}
{"tick":"522","type":2201,"tid":"614","db":"listAppend"}
{"tick":"527","type":2200,"tid":"620","db":"listAppend"}
{"tick":"528","type":2300,"db":"listAppend","cuid":"h81DC3DF12DE8/132","tid":"620","data":{"_key":"37","_id":"laCol/37","_rev":"_fzkNfiW---","laAttr":[1,2,3]}}
{"tick":"530","type":2300,"db":"listAppend","cuid":"h81DC3DF12DE8/132","tid":"620","data":{"_key":"56","_id":"laCol/56","_rev":"_fzkNfia---","laAttr":[1]}}
{"tick":"533","type":2300,"db":"listAppend","cuid":"h81DC3DF12DE8/132","tid":"620","data":{"_key":"56","_id":"laCol/56","_rev":"_fzkNfii---","laAttr":[1,2]}}
{"tick":"536","type":2300,"db":"listAppend","cuid":"h81DC3DF12DE8/132","tid":"620","data":{"_key":"56","_id":"laCol/56","_rev":"_fzkNfim---","laAttr":[1,2,3]}}
{"tick":"537","type":2201,"tid":"620","db":"listAppend"}
{"tick":"538","type":2200,"tid":"634","db":"listAppend"}
{"tick":"539","type":2300,"db":"listAppend","cuid":"h81DC3DF12DE8/132","tid":"634","data":{"_key":"51","_id":"laCol/51","_rev":"_fzkNfwS---","laAttr":[1,2,3]}}
{"tick":"541","type":2300,"db":"listAppend","cuid":"h81DC3DF12DE8/132","tid":"634","data":{"_key":"57","_id":"laCol/57","_rev":"_fzkNfwW---","laAttr":[1]}}
{"tick":"544","type":2300,"db":"listAppend","cuid":"h81DC3DF12DE8/132","tid":"634","data":{"_key":"50","_id":"laCol/50","_rev":"_fzkNfwa---","laAttr":[1,2]}}
{"tick":"547","type":2300,"db":"listAppend","cuid":"h81DC3DF12DE8/132","tid":"634","data":{"_key":"57","_id":"laCol/57","_rev":"_fzkNfwa--_","laAttr":[1,2]}}
{"tick":"549","type":2300,"db":"listAppend","cuid":"h81DC3DF12DE8/132","tid":"634","data":{"_key":"58","_id":"laCol/58","_rev":"_fzkNfwe---","laAttr":[1]}}
{"tick":"552","type":2300,"db":"listAppend","cuid":"h81DC3DF12DE8/132","tid":"634","data":{"_key":"58","_id":"laCol/58","_rev":"_fzkNfwi---","laAttr":[1,2]}}
{"tick":"553","type":2201,"tid":"634","db":"listAppend"}
{"tick":"554","type":2200,"tid":"644","db":"listAppend"}
{"tick":"555","type":2300,"db":"listAppend","cuid":"h81DC3DF12DE8/132","tid":"644","data":{"_key":"58","_id":"laCol/58","_rev":"_fzkNf8e---","laAttr":[1,2,3]}}
{"tick":"558","type":2300,"db":"listAppend","cuid":"h81DC3DF12DE8/132","tid":"644","data":{"_key":"57","_id":"laCol/57","_rev":"_fzkNf8i---","laAttr":[1,2,3]}}
{"tick":"560","type":2300,"db":"listAppend","cuid":"h81DC3DF12DE8/132","tid":"644","data":{"_key":"59","_id":"laCol/59","_rev":"_fzkNf8m---","laAttr":[1]}}
{"tick":"561","type":2201,"tid":"644","db":"listAppend"}
{"tick":"562","type":2200,"tid":"654","db":"listAppend"}
{"tick":"562","type":2300,"db":"listAppend","cuid":"h81DC3DF12DE8/132","tid":"654","data":{"_key":"60","_id":"laCol/60","_rev":"_fzkNgIy---","laAttr":[1]}}
{"tick":"565","type":2300,"db":"listAppend","cuid":"h81DC3DF12DE8/132","tid":"654","data":{"_key":"50","_id":"laCol/50","_rev":"_fzkNgI6---","laAttr":[1,2,3]}}
{"tick":"568","type":2300,"db":"listAppend","cuid":"h81DC3DF12DE8/132","tid":"654","data":{"_key":"60","_id":"laCol/60","_rev":"_fzkNgJ----","laAttr":[1,2]}}
{"tick":"571","type":2300,"db":"listAppend","cuid":"h81DC3DF12DE8/132","tid":"654","data":{"_key":"60","_id":"laCol/60","_rev":"_fzkNgJC---","laAttr":[1,2,3]}}
{"tick":"572","type":2201,"tid":"654","db":"listAppend"}
{"tick":"573","type":2200,"tid":"664","db":"listAppend"}
{"tick":"573","type":2300,"db":"listAppend","cuid":"h81DC3DF12DE8/132","tid":"664","data":{"_key":"61","_id":"laCol/61","_rev":"_fzkNgLS---","laAttr":[1]}}
{"tick":"576","type":2300,"db":"listAppend","cuid":"h81DC3DF12DE8/132","tid":"664","data":{"_key":"61","_id":"laCol/61","_rev":"_fzkNgLW---","laAttr":[1,2]}}
{"tick":"578","type":2300,"db":"listAppend","cuid":"h81DC3DF12DE8/132","tid":"664","data":{"_key":"62","_id":"laCol/62","_rev":"_fzkNgLe---","laAttr":[1]}}
{"tick":"579","type":2201,"tid":"664","db":"listAppend"}
{"tick":"580","type":2200,"tid":"675","db":"listAppend"}
{"tick":"581","type":2300,"db":"listAppend","cuid":"h81DC3DF12DE8/132","tid":"675","data":{"_key":"59","_id":"laCol/59","_rev":"_fzkNgO2---","laAttr":[1,2]}}
{"tick":"582","type":2201,"tid":"675","db":"listAppend"}
{"tick":"583","type":2200,"tid":"681","db":"listAppend"}
{"tick":"584","type":2300,"db":"listAppend","cuid":"h81DC3DF12DE8/132","tid":"681","data":{"_key":"61","_id":"laCol/61","_rev":"_fzkNgaq---","laAttr":[1,2,3]}}
{"tick":"587","type":2300,"db":"listAppend","cuid":"h81DC3DF12DE8/132","tid":"681","data":{"_key":"62","_id":"laCol/62","_rev":"_fzkNgau---","laAttr":[1,2]}}
{"tick":"588","type":2201,"tid":"681","db":"listAppend"}
{"tick":"589","type":2200,"tid":"691","db":"listAppend"}
{"tick":"590","type":2300,"db":"listAppend","cuid":"h81DC3DF12DE8/132","tid":"691","data":{"_key":"62","_id":"laCol/62","_rev":"_fzkNgnm---","laAttr":[1,2,3]}}
{"tick":"592","type":2300,"db":"listAppend","cuid":"h81DC3DF12DE8/132","tid":"691","data":{"_key":"64","_id":"laCol/64","_rev":"_fzkNgnu---","laAttr":[1]}}
{"tick":"594","type":2300,"db":"listAppend","cuid":"h81DC3DF12DE8/132","tid":"691","data":{"_key":"65","_id":"laCol/65","_rev":"_fzkNgny---","laAttr":[1]}}
{"tick":"595","type":2201,"tid":"691","db":"listAppend"}
{"tick":"596","type":2200,"tid":"701","db":"listAppend"}
{"tick":"597","type":2300,"db":"listAppend","cuid":"h81DC3DF12DE8/132","tid":"701","data":{"_key":"64","_id":"laCol/64","_rev":"_fzkNgyu---","laAttr":[1,2]}}
{"tick":"600","type":2300,"db":"listAppend","cuid":"h81DC3DF12DE8/132","tid":"701","data":{"_key":"59","_id":"laCol/59","_rev":"_fzkNgyy---","laAttr":[1,2,3]}}
{"tick":"603","type":2300,"db":"listAppend","cuid":"h81DC3DF12DE8/132","tid":"701","data":{"_key":"65","_id":"laCol/65","_rev":"_fzkNgy2---","laAttr":[1,2]}}
{"tick":"606","type":2300,"db":"listAppend","cuid":"h81DC3DF12DE8/132","tid":"701","data":{"_key":"65","_id":"laCol/65","_rev":"_fzkNgy2--_","laAttr":[1,2,3]}}
{"tick":"607","type":2201,"tid":"701","db":"listAppend"}
{"tick":"608","type":2200,"tid":"708","db":"listAppend"}
{"tick":"609","type":2300,"db":"listAppend","cuid":"h81DC3DF12DE8/132","tid":"708","data":{"_key":"64","_id":"laCol/64","_rev":"_fzkNg4i---","laAttr":[1,2,3]}}
{"tick":"611","type":2300,"db":"listAppend","cuid":"h81DC3DF12DE8/132","tid":"708","data":{"_key":"67","_id":"laCol/67","_rev":"_fzkNg4q---","laAttr":[1]}}
{"tick":"614","type":2300,"db":"listAppend","cuid":"h81DC3DF12DE8/132","tid":"708","data":{"_key":"67","_id":"laCol/67","_rev":"_fzkNg4u---","laAttr":[1,2]}}
{"tick":"615","type":2201,"tid":"708","db":"listAppend"}
{"tick":"616","type":2200,"tid":"717","db":"listAppend"}
{"tick":"617","type":2300,"db":"listAppend","cuid":"h81DC3DF12DE8/132","tid":"717","data":{"_key":"67","_id":"laCol/67","_rev":"_fzkNg6O---","laAttr":[1,2,3]}}
{"tick":"618","type":2201,"tid":"717","db":"listAppend"}
{"tick":"619","type":2200,"tid":"723","db":"listAppend"}
{"tick":"619","type":2300,"db":"listAppend","cuid":"h81DC3DF12DE8/132","tid":"723","data":{"_key":"69","_id":"laCol/69","_rev":"_fzkNhES---","laAttr":[1]}}
{"tick":"620","type":2201,"tid":"723","db":"listAppend"}
{"tick":"621","type":2200,"tid":"729","db":"listAppend"}
{"tick":"621","type":2300,"db":"listAppend","cuid":"h81DC3DF12DE8/132","tid":"729","data":{"_key":"63","_id":"laCol/63","_rev":"_fzkNhLS---","laAttr":[1]}}
{"tick":"623","type":2300,"db":"listAppend","cuid":"h81DC3DF12DE8/132","tid":"729","data":{"_key":"66","_id":"laCol/66","_rev":"_fzkNhLW---","laAttr":[1]}}
{"tick":"626","type":2300,"db":"listAppend","cuid":"h81DC3DF12DE8/132","tid":"729","data":{"_key":"69","_id":"laCol/69","_rev":"_fzkNhLa---","laAttr":[1,2]}}
{"tick":"628","type":2300,"db":"listAppend","cuid":"h81DC3DF12DE8/132","tid":"729","data":{"_key":"68","_id":"laCol/68","_rev":"_fzkNhLe---","laAttr":[1]}}
{"tick":"629","type":2201,"tid":"729","db":"listAppend"}
{"tick":"630","type":2200,"tid":"738","db":"listAppend"}
{"tick":"631","type":2300,"db":"listAppend","cuid":"h81DC3DF12DE8/132","tid":"738","data":{"_key":"69","_id":"laCol/69","_rev":"_fzkNhWW---","laAttr":[1,2,3]}}
{"tick":"632","type":2201,"tid":"738","db":"listAppend"}
{"tick":"633","type":2200,"tid":"744","db":"listAppend"}
{"tick":"634","type":2300,"db":"listAppend","cuid":"h81DC3DF12DE8/132","tid":"744","data":{"_key":"68","_id":"laCol/68","_rev":"_fzkNhbO---","laAttr":[1,2]}}
{"tick":"637","type":2300,"db":"listAppend","cuid":"h81DC3DF12DE8/132","tid":"744","data":{"_key":"66","_id":"laCol/66","_rev":"_fzkNhbO--_","laAttr":[1,2]}}
{"tick":"638","type":2201,"tid":"744","db":"listAppend"}
{"tick":"639","type":2200,"tid":"749","db":"listAppend"}
{"tick":"640","type":2300,"db":"listAppend","cuid":"h81DC3DF12DE8/132","tid":"749","data":{"_key":"68","_id":"laCol/68","_rev":"_fzkNhfa---","laAttr":[1,2,3]}}
{"tick":"641","type":2201,"tid":"749","db":"listAppend"}
{"tick":"642","type":2200,"tid":"754","db":"listAppend"}
{"tick":"643","type":2300,"db":"listAppend","cuid":"h81DC3DF12DE8/132","tid":"754","data":{"_key":"66","_id":"laCol/66","_rev":"_fzkNhqm---","laAttr":[1,2,3]}}
{"tick":"644","type":2201,"tid":"754","db":"listAppend"}
{"tick":"645","type":2200,"tid":"762","db":"listAppend"}
{"tick":"645","type":2300,"db":"listAppend","cuid":"h81DC3DF12DE8/132","tid":"762","data":{"_key":"72","_id":"laCol/72","_rev":"_fzkNh3G---","laAttr":[1]}}
{"tick":"647","type":2300,"db":"listAppend","cuid":"h81DC3DF12DE8/132","tid":"762","data":{"_key":"70","_id":"laCol/70","_rev":"_fzkNh3G--_","laAttr":[1]}}
{"tick":"650","type":2300,"db":"listAppend","cuid":"h81DC3DF12DE8/132","tid":"762","data":{"_key":"72","_id":"laCol/72","_rev":"_fzkNh3K---","laAttr":[1,2]}}
{"tick":"653","type":2300,"db":"listAppend","cuid":"h81DC3DF12DE8/132","tid":"762","data":{"_key":"72","_id":"laCol/72","_rev":"_fzkNh3O---","laAttr":[1,2,3]}}
{"tick":"654","type":2201,"tid":"762","db":"listAppend"}
{"tick":"655","type":2200,"tid":"770","db":"listAppend"}
{"tick":"655","type":2300,"db":"listAppend","cuid":"h81DC3DF12DE8/132","tid":"770","data":{"_key":"71","_id":"laCol/71","_rev":"_fzkNh7e---","laAttr":[1]}}
{"tick":"657","type":2300,"db":"listAppend","cuid":"h81DC3DF12DE8/132","tid":"770","data":{"_key":"73","_id":"laCol/73","_rev":"_fzkNh7i---","laAttr":[1]}}
{"tick":"660","type":2300,"db":"listAppend","cuid":"h81DC3DF12DE8/132","tid":"770","data":{"_key":"73","_id":"laCol/73","_rev":"_fzkNh7m---","laAttr":[1,2]}}
{"tick":"663","type":2300,"db":"listAppend","cuid":"h81DC3DF12DE8/132","tid":"770","data":{"_key":"71","_id":"laCol/71","_rev":"_fzkNh7m--_","laAttr":[1,2]}}
{"tick":"665","type":2300,"db":"listAppend","cuid":"h81DC3DF12DE8/132","tid":"770","data":{"_key":"74","_id":"laCol/74","_rev":"_fzkNh7u---","laAttr":[1]}}
{"tick":"668","type":2300,"db":"listAppend","cuid":"h81DC3DF12DE8/132","tid":"770","data":{"_key":"73","_id":"laCol/73","_rev":"_fzkNh7u--_","laAttr":[1,2,3]}}
{"tick":"669","type":2201,"tid":"770","db":"listAppend"}
{"tick":"674","type":2200,"tid":"782","db":"listAppend"}
{"tick":"674","type":2300,"db":"listAppend","cuid":"h81DC3DF12DE8/132","tid":"782","data":{"_key":"75","_id":"laCol/75","_rev":"_fzkNiAW---","laAttr":[1]}}
{"tick":"675","type":2201,"tid":"782","db":"listAppend"}
{"tick":"676","type":2200,"tid":"789","db":"listAppend"}
{"tick":"677","type":2300,"db":"listAppend","cuid":"h81DC3DF12DE8/132","tid":"789","data":{"_key":"74","_id":"laCol/74","_rev":"_fzkNiDO---","laAttr":[1,2]}}
{"tick":"680","type":2300,"db":"listAppend","cuid":"h81DC3DF12DE8/132","tid":"789","data":{"_key":"75","_id":"laCol/75","_rev":"_fzkNiDW---","laAttr":[1,2]}}
{"tick":"681","type":2201,"tid":"789","db":"listAppend"}
{"tick":"682","type":2200,"tid":"797","db":"listAppend"}
{"tick":"683","type":2300,"db":"listAppend","cuid":"h81DC3DF12DE8/132","tid":"797","data":{"_key":"74","_id":"laCol/74","_rev":"_fzkNiPK---","laAttr":[1,2,3]}}
{"tick":"684","type":2201,"tid":"797","db":"listAppend"}
{"tick":"685","type":2200,"tid":"804","db":"listAppend"}
{"tick":"686","type":2300,"db":"listAppend","cuid":"h81DC3DF12DE8/132","tid":"804","data":{"_key":"75","_id":"laCol/75","_rev":"_fzkNiS----","laAttr":[1,2,3]}}
{"tick":"688","type":2300,"db":"listAppend","cuid":"h81DC3DF12DE8/132","tid":"804","data":{"_key":"76","_id":"laCol/76","_rev":"_fzkNiSC---","laAttr":[1]}}
{"tick":"689","type":2201,"tid":"804","db":"listAppend"}
{"tick":"690","type":2200,"tid":"811","db":"listAppend"}
{"tick":"691","type":2300,"db":"listAppend","cuid":"h81DC3DF12DE8/132","tid":"811","data":{"_key":"76","_id":"laCol/76","_rev":"_fzkNiXW---","laAttr":[1,2]}}
{"tick":"694","type":2300,"db":"listAppend","cuid":"h81DC3DF12DE8/132","tid":"811","data":{"_key":"70","_id":"laCol/70","_rev":"_fzkNiXW--_","laAttr":[1,2]}}
{"tick":"695","type":2201,"tid":"811","db":"listAppend"}
{"tick":"696","type":2200,"tid":"820","db":"listAppend"}
{"tick":"696","type":2300,"db":"listAppend","cuid":"h81DC3DF12DE8/132","tid":"820","data":{"_key":"77","_id":"laCol/77","_rev":"_fzkNiiK---","laAttr":[1]}}
{"tick":"699","type":2300,"db":"listAppend","cuid":"h81DC3DF12DE8/132","tid":"820","data":{"_key":"77","_id":"laCol/77","_rev":"_fzkNiiS---","laAttr":[1,2]}}
{"tick":"702","type":2300,"db":"listAppend","cuid":"h81DC3DF12DE8/132","tid":"820","data":{"_key":"77","_id":"laCol/77","_rev":"_fzkNiiS--_","laAttr":[1,2,3]}}
{"tick":"703","type":2201,"tid":"820","db":"listAppend"}
{"tick":"704","type":2200,"tid":"830","db":"listAppend"}
{"tick":"704","type":2300,"db":"listAppend","cuid":"h81DC3DF12DE8/132","tid":"830","data":{"_key":"78","_id":"laCol/78","_rev":"_fzkNiky---","laAttr":[1]}}
{"tick":"707","type":2300,"db":"listAppend","cuid":"h81DC3DF12DE8/132","tid":"830","data":{"_key":"76","_id":"laCol/76","_rev":"_fzkNik2---","laAttr":[1,2,3]}}
{"tick":"710","type":2300,"db":"listAppend","cuid":"h81DC3DF12DE8/132","tid":"830","data":{"_key":"78","_id":"laCol/78","_rev":"_fzkNil----","laAttr":[1,2]}}
{"tick":"711","type":2201,"tid":"830","db":"listAppend"}
{"tick":"712","type":2200,"tid":"839","db":"listAppend"}
{"tick":"713","type":2300,"db":"listAppend","cuid":"h81DC3DF12DE8/132","tid":"839","data":{"_key":"78","_id":"laCol/78","_rev":"_fzkNirS---","laAttr":[1,2,3]}}
{"tick":"715","type":2300,"db":"listAppend","cuid":"h81DC3DF12DE8/132","tid":"839","data":{"_key":"79","_id":"laCol/79","_rev":"_fzkNire---","laAttr":[1]}}
{"tick":"716","type":2201,"tid":"839","db":"listAppend"}
